# Main.FD*SANDBOX*9305811185495627212.LotteryEnv

## Traits

| Trait Type        |                                          Value |
|:----------------- | ----------------------------------------------:|
| NumAgentStyle     |        ReinforcementLearningBase.SingleAgent() |
| DynamicStyle      |         ReinforcementLearningBase.Sequential() |
| InformationStyle  | ReinforcementLearningBase.PerfectInformation() |
| ChanceStyle       |      ReinforcementLearningBase.Deterministic() |
| RewardStyle       |         ReinforcementLearningBase.StepReward() |
| UtilityStyle      |         ReinforcementLearningBase.GeneralSum() |
| ActionStyle       |   ReinforcementLearningBase.MinimalActionSet() |
| DefaultStateStyle | ReinforcementLearningBase.Observation{Array}() |

## Actions

(:PowerRich, :MegaHaul, nothing)

## Players

  * `DEFAULT_PLAYER`

## Current Player

`DEFAULT_PLAYER`

## Is Environment Terminated?

No
