# CartPoleEnv

## Traits

| Trait Type        |                                            Value |
|:----------------- | ------------------------------------------------:|
| NumAgentStyle     |          ReinforcementLearningBase.SingleAgent() |
| DynamicStyle      |           ReinforcementLearningBase.Sequential() |
| InformationStyle  | ReinforcementLearningBase.ImperfectInformation() |
| ChanceStyle       |           ReinforcementLearningBase.Stochastic() |
| RewardStyle       |           ReinforcementLearningBase.StepReward() |
| UtilityStyle      |           ReinforcementLearningBase.GeneralSum() |
| ActionStyle       |     ReinforcementLearningBase.MinimalActionSet() |
| StateStyle        |     ReinforcementLearningBase.Observation{Any}() |
| DefaultStateStyle |     ReinforcementLearningBase.Observation{Any}() |

## Is Environment Terminated?

No

## State Space

`ReinforcementLearningBase.Space{Array{IntervalSets.Interval{:closed,:closed,Float64},1}}(IntervalSets.Interval{:closed,:closed,Float64}[-4.8..4.8, -1.0e38..1.0e38, -0.41887902047863906..0.41887902047863906, -1.0e38..1.0e38])`

## Action Space

`Base.OneTo(2)`

## Current State

```
[-0.020785636240255312, -0.009520560578838655, -0.048623381219988306, 0.00276576194203957]
```
